[0.028s] Invoking command in '/home/readikole/ros2_ws/build/my_cpp_pkg': CMAKE_PREFIX_PATH=${CMAKE_PREFIX_PATH}:/opt/ros/humble /home/readikole/.local/bin/cmake --build /home/readikole/ros2_ws/build/my_cpp_pkg -- -j12 -l12
[0.127s] [ 50%] [32mBuilding CXX object CMakeFiles/cpp_node.dir/src/my_first_node.cpp.o[0m
[3.612s] [01m[K/home/readikole/ros2_ws/src/my_cpp_pkg/src/my_first_node.cpp:3:5:[m[K [01;35m[Kwarning: [m[Kâ€˜[01m[Kint main(int)[m[Kâ€™ takes only zero or two arguments [[01;35m[K]8;;https://gcc.gnu.org/onlinedocs/gcc/Warning-Options.html#index-Wmain-Wmain]8;;[m[K]
[3.612s]     3 | int [01;35m[Kmain[m[K(int argc)
[3.612s]       |     [01;35m[K^~~~[m[K
[3.615s] [01m[K/home/readikole/ros2_ws/src/my_cpp_pkg/src/my_first_node.cpp:[m[K In function â€˜[01m[Kint main(int)[m[Kâ€™:
[3.615s] [01m[K/home/readikole/ros2_ws/src/my_cpp_pkg/src/my_first_node.cpp:5:18:[m[K [01;31m[Kerror: [m[Kâ€˜[01m[Karg[m[Kâ€™ was not declared in this scope; did you mean â€˜[01m[Kargc[m[Kâ€™?
[3.616s]     5 |     rclcpp::init([01;31m[Karg[m[K, argv);
[3.616s]       |                  [01;31m[K^~~[m[K
[3.616s]       |                  [32m[Kargc[m[K
[3.618s] [01m[K/home/readikole/ros2_ws/src/my_cpp_pkg/src/my_first_node.cpp:5:23:[m[K [01;31m[Kerror: [m[Kâ€˜[01m[Kargv[m[Kâ€™ was not declared in this scope; did you mean â€˜[01m[Kargc[m[Kâ€™?
[3.618s]     5 |     rclcpp::init(arg, [01;31m[Kargv[m[K);
[3.618s]       |                       [01;31m[K^~~~[m[K
[3.618s]       |                       [32m[Kargc[m[K
[3.619s] [01m[K/home/readikole/ros2_ws/src/my_cpp_pkg/src/my_first_node.cpp:6:20:[m[K [01;31m[Kerror: [m[Kexpected primary-expression before â€˜[01m[K:[m[Kâ€™ token
[3.619s]     6 |     auto node = std[01;31m[K:[m[K;make_shared<rclcpp::Node>("cpp_test");
[3.619s]       |                    [01;31m[K^[m[K
[3.619s] [01m[K/home/readikole/ros2_ws/src/my_cpp_pkg/src/my_first_node.cpp:6:22:[m[K [01;31m[Kerror: [m[Kâ€˜[01m[Kmake_shared[m[Kâ€™ was not declared in this scope; did you mean â€˜[01m[Kstd::make_shared[m[Kâ€™?
[3.620s]     6 |     auto node = std:;[01;31m[Kmake_shared[m[K<rclcpp::Node>("cpp_test");
[3.620s]       |                      [01;31m[K^~~~~~~~~~~[m[K
[3.620s]       |                      [32m[Kstd::make_shared[m[K
[3.620s] In file included from [01m[K/usr/include/c++/11/memory:77[m[K,
[3.621s]                  from [01m[K/opt/ros/humble/include/rclcpp/rclcpp/rclcpp.hpp:153[m[K,
[3.621s]                  from [01m[K/home/readikole/ros2_ws/src/my_cpp_pkg/src/my_first_node.cpp:1[m[K:
[3.621s] [01m[K/usr/include/c++/11/bits/shared_ptr.h:875:5:[m[K [01;36m[Knote: [m[Kâ€˜[01m[Kstd::make_shared[m[Kâ€™ declared here
[3.621s]   875 |     [01;36m[Kmake_shared[m[K(_Args&&... __args)
[3.621s]       |     [01;36m[K^~~~~~~~~~~[m[K
[3.622s] [01m[K/home/readikole/ros2_ws/src/my_cpp_pkg/src/my_first_node.cpp:6:46:[m[K [01;31m[Kerror: [m[Kexpected primary-expression before â€˜[01m[K>[m[Kâ€™ token
[3.622s]     6 |     auto node = std:;make_shared<rclcpp::Node[01;31m[K>[m[K("cpp_test");
[3.622s]       |                                              [01;31m[K^[m[K
[3.622s] In file included from [01m[K/opt/ros/humble/include/rclcpp/rclcpp/client.hpp:40[m[K,
[3.622s]                  from [01m[K/opt/ros/humble/include/rclcpp/rclcpp/callback_group.hpp:24[m[K,
[3.623s]                  from [01m[K/opt/ros/humble/include/rclcpp/rclcpp/any_executable.hpp:20[m[K,
[3.623s]                  from [01m[K/opt/ros/humble/include/rclcpp/rclcpp/memory_strategy.hpp:25[m[K,
[3.623s]                  from [01m[K/opt/ros/humble/include/rclcpp/rclcpp/memory_strategies.hpp:18[m[K,
[3.623s]                  from [01m[K/opt/ros/humble/include/rclcpp/rclcpp/executor_options.hpp:20[m[K,
[3.623s]                  from [01m[K/opt/ros/humble/include/rclcpp/rclcpp/executor.hpp:37[m[K,
[3.624s]                  from [01m[K/opt/ros/humble/include/rclcpp/rclcpp/executors/multi_threaded_executor.hpp:25[m[K,
[3.624s]                  from [01m[K/opt/ros/humble/include/rclcpp/rclcpp/executors.hpp:21[m[K,
[3.624s]                  from [01m[K/opt/ros/humble/include/rclcpp/rclcpp/rclcpp.hpp:155[m[K,
[3.624s]                  from [01m[K/home/readikole/ros2_ws/src/my_cpp_pkg/src/my_first_node.cpp:1[m[K:
[3.624s] [01m[K/home/readikole/ros2_ws/src/my_cpp_pkg/src/my_first_node.cpp:7:5:[m[K [01;31m[Kerror: [m[Ktemplate argument 1 is invalid
[3.625s]     7 |     [01;31m[KRCLCPP_INFO[m[K(node->get_logger(0, "Hello Cpp Node"));
[3.625s]       |     [01;31m[K^~~~~~~~~~~[m[K
[3.625s] [01m[K/home/readikole/ros2_ws/src/my_cpp_pkg/src/my_first_node.cpp:7:5:[m[K [01;31m[Kerror: [m[Kâ€˜[01m[K<declaration error>[m[Kâ€™ is not a template [[01;31m[K]8;;https://gcc.gnu.org/onlinedocs/gcc/Warning-Options.html#index-fpermissive-fpermissive]8;;[m[K]
[3.625s]     7 |     [01;31m[KRCLCPP_INFO[m[K(node->get_logger(0, "Hello Cpp Node"));
[3.625s]       |     [01;31m[K^~~~~~~~~~~[m[K
[3.626s] [01m[K/home/readikole/ros2_ws/src/my_cpp_pkg/src/my_first_node.cpp:7:5:[m[K [01;31m[Kerror: [m[Ktemplate argument 1 is invalid
[3.626s]     7 |     [01;31m[KRCLCPP_INFO[m[K(node->get_logger(0, "Hello Cpp Node"));
[3.626s]       |     [01;31m[K^~~~~~~~~~~[m[K
[3.626s] [01m[K/home/readikole/ros2_ws/src/my_cpp_pkg/src/my_first_node.cpp:7:5:[m[K [01;31m[Kerror: [m[Kâ€˜[01m[K<declaration error>[m[Kâ€™ is not a template [[01;31m[K]8;;https://gcc.gnu.org/onlinedocs/gcc/Warning-Options.html#index-fpermissive-fpermissive]8;;[m[K]
[3.626s]     7 |     [01;31m[KRCLCPP_INFO[m[K(node->get_logger(0, "Hello Cpp Node"));
[3.626s]       |     [01;31m[K^~~~~~~~~~~[m[K
[3.627s] [01m[K/home/readikole/ros2_ws/src/my_cpp_pkg/src/my_first_node.cpp:7:5:[m[K [01;31m[Kerror: [m[Ktemplate argument 1 is invalid
[3.627s]     7 |     [01;31m[KRCLCPP_INFO[m[K(node->get_logger(0, "Hello Cpp Node"));
[3.627s]       |     [01;31m[K^~~~~~~~~~~[m[K
[3.627s] In file included from [01m[K/opt/ros/humble/include/rclcpp/rclcpp/logging.hpp:24[m[K,
[3.627s]                  from [01m[K/opt/ros/humble/include/rclcpp/rclcpp/client.hpp:40[m[K,
[3.628s]                  from [01m[K/opt/ros/humble/include/rclcpp/rclcpp/callback_group.hpp:24[m[K,
[3.628s]                  from [01m[K/opt/ros/humble/include/rclcpp/rclcpp/any_executable.hpp:20[m[K,
[3.628s]                  from [01m[K/opt/ros/humble/include/rclcpp/rclcpp/memory_strategy.hpp:25[m[K,
[3.628s]                  from [01m[K/opt/ros/humble/include/rclcpp/rclcpp/memory_strategies.hpp:18[m[K,
[3.628s]                  from [01m[K/opt/ros/humble/include/rclcpp/rclcpp/executor_options.hpp:20[m[K,
[3.629s]                  from [01m[K/opt/ros/humble/include/rclcpp/rclcpp/executor.hpp:37[m[K,
[3.629s]                  from [01m[K/opt/ros/humble/include/rclcpp/rclcpp/executors/multi_threaded_executor.hpp:25[m[K,
[3.629s]                  from [01m[K/opt/ros/humble/include/rclcpp/rclcpp/executors.hpp:21[m[K,
[3.629s]                  from [01m[K/opt/ros/humble/include/rclcpp/rclcpp/rclcpp.hpp:155[m[K,
[3.629s]                  from [01m[K/home/readikole/ros2_ws/src/my_cpp_pkg/src/my_first_node.cpp:1[m[K:
[3.630s] [01m[K/home/readikole/ros2_ws/src/my_cpp_pkg/src/my_first_node.cpp:7:5:[m[K [01;31m[Kerror: [m[Kexpected primary-expression before â€˜[01m[K)[m[Kâ€™ token
[3.630s]     7 |     [01;31m[KRCLCPP_INFO[m[K(node->get_logger(0, "Hello Cpp Node"));
[3.630s]       |     [01;31m[K^~~~~~~~~~~[m[K
[3.630s] [01m[K/home/readikole/ros2_ws/src/my_cpp_pkg/src/my_first_node.cpp:3:14:[m[K [01;35m[Kwarning: [m[Kunused parameter â€˜[01m[Kargc[m[Kâ€™ [[01;35m[K]8;;https://gcc.gnu.org/onlinedocs/gcc/Warning-Options.html#index-Wunused-parameter-Wunused-parameter]8;;[m[K]
[3.630s]     3 | int main([01;35m[Kint argc[m[K)
[3.631s]       |          [01;35m[K~~~~^~~~[m[K
[4.278s] gmake[2]: *** [CMakeFiles/cpp_node.dir/build.make:76: CMakeFiles/cpp_node.dir/src/my_first_node.cpp.o] Error 1
[4.278s] gmake[1]: *** [CMakeFiles/Makefile2:137: CMakeFiles/cpp_node.dir/all] Error 2
[4.278s] gmake: *** [Makefile:146: all] Error 2
[4.284s] Invoked command in '/home/readikole/ros2_ws/build/my_cpp_pkg' returned '2': CMAKE_PREFIX_PATH=${CMAKE_PREFIX_PATH}:/opt/ros/humble /home/readikole/.local/bin/cmake --build /home/readikole/ros2_ws/build/my_cpp_pkg -- -j12 -l12
