[0.030s] Invoking command in '/home/readikole/ros2_ws/build/my_cpp_pkg': CMAKE_PREFIX_PATH=${CMAKE_PREFIX_PATH}:/home/readikole/ros2_ws/install/my_py_pkg:/opt/ros/humble /home/readikole/.local/bin/cmake --build /home/readikole/ros2_ws/build/my_cpp_pkg -- -j12 -l12
[0.099s] [ 50%] Built target cpp_node
[0.110s] [ 75%] [32mBuilding CXX object CMakeFiles/robot_news_station.dir/src/robot_news_station.cpp.o[0m
[3.341s] [01m[K/home/readikole/ros2_ws/src/my_cpp_pkg/src/robot_news_station.cpp:[m[K In constructor â€˜[01m[KRobotNewsStationNode::RobotNewsStationNode()[m[Kâ€™:
[3.341s] [01m[K/home/readikole/ros2_ws/src/my_cpp_pkg/src/robot_news_station.cpp:6:58:[m[K [01;31m[Kerror: [m[Kexpected â€˜[01m[K{[m[Kâ€™ before â€˜[01m[Krobot_name_[m[Kâ€™
[3.341s]     6 |     RobotNewsStationNode() : Node("robot_news_station")  [01;31m[Krobot_name_[m[K("R2D2")// MODIFY NAME
[3.342s]       |                                                          [01;31m[K^~~~~~~~~~~[m[K
[3.343s] [01m[K/home/readikole/ros2_ws/src/my_cpp_pkg/src/robot_news_station.cpp:[m[K In member function â€˜[01m[Kvoid RobotNewsStationNode::publishNews()[m[Kâ€™:
[3.344s] [01m[K/home/readikole/ros2_ws/src/my_cpp_pkg/src/robot_news_station.cpp:19:9:[m[K [01;31m[Kerror: [m[Kexpected â€˜[01m[K;[m[Kâ€™ before â€˜[01m[Kpublisher_[m[Kâ€™
[3.344s]    19 |         [01;31m[Kpublisher_[m[K->publish(msg)
[3.344s]       |         [01;31m[K^~~~~~~~~~[m[K
[3.957s] gmake[2]: *** [CMakeFiles/robot_news_station.dir/build.make:76: CMakeFiles/robot_news_station.dir/src/robot_news_station.cpp.o] Error 1
[3.957s] gmake[1]: *** [CMakeFiles/Makefile2:165: CMakeFiles/robot_news_station.dir/all] Error 2
[3.958s] gmake: *** [Makefile:146: all] Error 2
[3.964s] Invoked command in '/home/readikole/ros2_ws/build/my_cpp_pkg' returned '2': CMAKE_PREFIX_PATH=${CMAKE_PREFIX_PATH}:/home/readikole/ros2_ws/install/my_py_pkg:/opt/ros/humble /home/readikole/.local/bin/cmake --build /home/readikole/ros2_ws/build/my_cpp_pkg -- -j12 -l12
