[0.027s] Invoking command in '/home/readikole/ros2_ws/build/my_cpp_pkg': CMAKE_PREFIX_PATH=${CMAKE_PREFIX_PATH}:/home/readikole/ros2_ws/install/my_py_pkg:/opt/ros/humble /home/readikole/.local/bin/cmake /home/readikole/ros2_ws/src/my_cpp_pkg -DCMAKE_INSTALL_PREFIX=/home/readikole/ros2_ws/install/my_cpp_pkg
[0.077s] -- Found ament_cmake: 1.3.5 (/opt/ros/humble/share/ament_cmake/cmake)
[0.213s] -- Override CMake install command with custom implementation using symlinks instead of copying resources
[0.231s] -- Found rclcpp: 16.0.4 (/opt/ros/humble/share/rclcpp/cmake)
[0.302s] -- Found rosidl_generator_c: 3.1.4 (/opt/ros/humble/share/rosidl_generator_c/cmake)
[0.307s] -- Found rosidl_adapter: 3.1.4 (/opt/ros/humble/share/rosidl_adapter/cmake)
[0.320s] -- Found rosidl_generator_cpp: 3.1.4 (/opt/ros/humble/share/rosidl_generator_cpp/cmake)
[0.342s] -- Using all available rosidl_typesupport_c: rosidl_typesupport_fastrtps_c;rosidl_typesupport_introspection_c
[0.372s] -- Using all available rosidl_typesupport_cpp: rosidl_typesupport_fastrtps_cpp;rosidl_typesupport_introspection_cpp
[0.476s] -- Found rmw_implementation_cmake: 6.1.1 (/opt/ros/humble/share/rmw_implementation_cmake/cmake)
[0.478s] -- Found rmw_fastrtps_cpp: 6.2.2 (/opt/ros/humble/share/rmw_fastrtps_cpp/cmake)
[0.654s] -- Using RMW implementation 'rmw_fastrtps_cpp' as default
[0.965s] -- Found example_interfaces: 0.9.3 (/opt/ros/humble/share/example_interfaces/cmake)
[1.209s] -- Found ament_lint_auto: 0.12.6 (/opt/ros/humble/share/ament_lint_auto/cmake)
[1.306s] -- Added test 'cppcheck' to perform static code analysis on C / C++ code
[1.306s] -- Configured cppcheck include dirs: 
[1.306s] -- Configured cppcheck exclude dirs and/or files: 
[1.307s] -- Added test 'lint_cmake' to check CMake code style
[1.308s] -- Added test 'uncrustify' to check C / C++ code style
[1.308s] -- Configured uncrustify additional arguments: 
[1.308s] -- Added test 'xmllint' to check XML markup files
[1.310s] -- Configuring done (1.2s)
[1.380s] -- Generating done (0.0s)
[1.383s] -- Build files have been written to: /home/readikole/ros2_ws/build/my_cpp_pkg
[1.396s] Invoked command in '/home/readikole/ros2_ws/build/my_cpp_pkg' returned '0': CMAKE_PREFIX_PATH=${CMAKE_PREFIX_PATH}:/home/readikole/ros2_ws/install/my_py_pkg:/opt/ros/humble /home/readikole/.local/bin/cmake /home/readikole/ros2_ws/src/my_cpp_pkg -DCMAKE_INSTALL_PREFIX=/home/readikole/ros2_ws/install/my_cpp_pkg
[1.399s] Invoking command in '/home/readikole/ros2_ws/build/my_cpp_pkg': CMAKE_PREFIX_PATH=${CMAKE_PREFIX_PATH}:/home/readikole/ros2_ws/install/my_py_pkg:/opt/ros/humble /home/readikole/.local/bin/cmake --build /home/readikole/ros2_ws/build/my_cpp_pkg -- -j12 -l12
[1.470s] [ 25%] [32mBuilding CXX object CMakeFiles/robot_news_station.dir/src/robot_news_station.cpp.o[0m
[1.483s] [ 75%] Built target cpp_node
[5.120s] [01m[K/home/readikole/ros2_ws/src/my_cpp_pkg/src/robot_news_station.cpp:6:5:[m[K [01;31m[Kerror: [m[KISO C++ forbids declaration of â€˜[01m[KRobotNewsStationNode[m[Kâ€™ with no type [[01;31m[K]8;;https://gcc.gnu.org/onlinedocs/gcc/Warning-Options.html#index-fpermissive-fpermissive]8;;[m[K]
[5.120s]     6 |     [01;31m[KRobotNewsStationNode[m[K() : Node("robot_news_station") // MODIFY NAME
[5.120s]       |     [01;31m[K^~~~~~~~~~~~~~~~~~~~[m[K
[5.125s] [01m[K/home/readikole/ros2_ws/src/my_cpp_pkg/src/robot_news_station.cpp:[m[K In member function â€˜[01m[Kint RbotNewsStationNode::RobotNewsStationNode()[m[Kâ€™:
[5.125s] [01m[K/home/readikole/ros2_ws/src/my_cpp_pkg/src/robot_news_station.cpp:6:30:[m[K [01;31m[Kerror: [m[Konly constructors take member initializers
[5.126s]     6 |     RobotNewsStationNode() : [01;31m[KNode[m[K("robot_news_station") // MODIFY NAME
[5.126s]       |                              [01;31m[K^~~~[m[K
[5.129s] [01m[K/home/readikole/ros2_ws/src/my_cpp_pkg/src/robot_news_station.cpp:9:83:[m[K [01;31m[Kerror: [m[Kno matching function for call to â€˜[01m[Kbind()[m[Kâ€™
[5.130s]     9 |         timer_ = this->create_wall_timer(std::chrono::milliseconds(500), [01;31m[Kstd::bind()[m[K)
[5.130s]       |                                                                          [01;31m[K~~~~~~~~~^~[m[K
[5.130s] In file included from [01m[K/usr/include/c++/11/pstl/glue_algorithm_defs.h:13[m[K,
[5.131s]                  from [01m[K/usr/include/c++/11/algorithm:74[m[K,
[5.131s]                  from [01m[K/opt/ros/humble/include/rclcpp/rclcpp/executor.hpp:18[m[K,
[5.131s]                  from [01m[K/opt/ros/humble/include/rclcpp/rclcpp/executors/multi_threaded_executor.hpp:25[m[K,
[5.131s]                  from [01m[K/opt/ros/humble/include/rclcpp/rclcpp/executors.hpp:21[m[K,
[5.131s]                  from [01m[K/opt/ros/humble/include/rclcpp/rclcpp/rclcpp.hpp:155[m[K,
[5.131s]                  from [01m[K/home/readikole/ros2_ws/src/my_cpp_pkg/src/robot_news_station.cpp:1[m[K:
[5.132s] [01m[K/usr/include/c++/11/functional:789:5:[m[K [01;36m[Knote: [m[Kcandidate: â€˜[01m[Ktemplate<class _Func, class ... _BoundArgs> typename std::_Bind_helper<std::__is_socketlike<_Func>::value, _Func, _BoundArgs ...>::type std::bind(_Func&&, _BoundArgs&& ...)[m[Kâ€™
[5.132s]   789 |     [01;36m[Kbind[m[K(_Func&& __f, _BoundArgs&&... __args)
[5.132s]       |     [01;36m[K^~~~[m[K
[5.132s] [01m[K/usr/include/c++/11/functional:789:5:[m[K [01;36m[Knote: [m[K  template argument deduction/substitution failed:
[5.132s] [01m[K/home/readikole/ros2_ws/src/my_cpp_pkg/src/robot_news_station.cpp:9:83:[m[K [01;36m[Knote: [m[K  candidate expects at least 1 argument, 0 provided
[5.132s]     9 |         timer_ = this->create_wall_timer(std::chrono::milliseconds(500), [01;36m[Kstd::bind()[m[K)
[5.133s]       |                                                                          [01;36m[K~~~~~~~~~^~[m[K
[5.133s] In file included from [01m[K/usr/include/c++/11/pstl/glue_algorithm_defs.h:13[m[K,
[5.133s]                  from [01m[K/usr/include/c++/11/algorithm:74[m[K,
[5.133s]                  from [01m[K/opt/ros/humble/include/rclcpp/rclcpp/executor.hpp:18[m[K,
[5.133s]                  from [01m[K/opt/ros/humble/include/rclcpp/rclcpp/executors/multi_threaded_executor.hpp:25[m[K,
[5.133s]                  from [01m[K/opt/ros/humble/include/rclcpp/rclcpp/executors.hpp:21[m[K,
[5.133s]                  from [01m[K/opt/ros/humble/include/rclcpp/rclcpp/rclcpp.hpp:155[m[K,
[5.134s]                  from [01m[K/home/readikole/ros2_ws/src/my_cpp_pkg/src/robot_news_station.cpp:1[m[K:
[5.134s] [01m[K/usr/include/c++/11/functional:813:5:[m[K [01;36m[Knote: [m[Kcandidate: â€˜[01m[Ktemplate<class _Result, class _Func, class ... _BoundArgs> typename std::_Bindres_helper<_Result, _Func, _BoundArgs>::type std::bind(_Func&&, _BoundArgs&& ...)[m[Kâ€™
[5.134s]   813 |     [01;36m[Kbind[m[K(_Func&& __f, _BoundArgs&&... __args)
[5.134s]       |     [01;36m[K^~~~[m[K
[5.134s] [01m[K/usr/include/c++/11/functional:813:5:[m[K [01;36m[Knote: [m[K  template argument deduction/substitution failed:
[5.134s] [01m[K/home/readikole/ros2_ws/src/my_cpp_pkg/src/robot_news_station.cpp:9:83:[m[K [01;36m[Knote: [m[K  candidate expects at least 1 argument, 0 provided
[5.134s]     9 |         timer_ = this->create_wall_timer(std::chrono::milliseconds(500), [01;36m[Kstd::bind()[m[K)
[5.135s]       |                                                                          [01;36m[K~~~~~~~~~^~[m[K
[5.135s] [01m[K/home/readikole/ros2_ws/src/my_cpp_pkg/src/robot_news_station.cpp:12:5:[m[K [01;35m[Kwarning: [m[Kno return statement in function returning non-void [[01;35m[K]8;;https://gcc.gnu.org/onlinedocs/gcc/Warning-Options.html#index-Wreturn-type-Wreturn-type]8;;[m[K]
[5.135s]    12 |     [01;35m[K}[m[K
[5.135s]       |     [01;35m[K^[m[K
[5.135s] [01m[K/home/readikole/ros2_ws/src/my_cpp_pkg/src/robot_news_station.cpp:[m[K In member function â€˜[01m[Kvoid RbotNewsStationNode::publishNews()[m[Kâ€™:
[5.135s] [01m[K/home/readikole/ros2_ws/src/my_cpp_pkg/src/robot_news_station.cpp:19:9:[m[K [01;31m[Kerror: [m[Kexpected â€˜[01m[K;[m[Kâ€™ before â€˜[01m[Kpublisher_[m[Kâ€™
[5.135s]    19 |         [01;31m[Kpublisher_[m[K->publish(msg)
[5.136s]       |         [01;31m[K^~~~~~~~~~[m[K
[5.713s] In file included from [01m[K/usr/include/x86_64-linux-gnu/c++/11/bits/c++allocator.h:33[m[K,
[5.713s]                  from [01m[K/usr/include/c++/11/bits/allocator.h:46[m[K,
[5.713s]                  from [01m[K/usr/include/c++/11/memory:64[m[K,
[5.714s]                  from [01m[K/opt/ros/humble/include/rclcpp/rclcpp/rclcpp.hpp:153[m[K,
[5.714s]                  from [01m[K/home/readikole/ros2_ws/src/my_cpp_pkg/src/robot_news_station.cpp:1[m[K:
[5.714s] /usr/include/c++/11/ext/new_allocator.h: In instantiation of â€˜[01m[Kvoid __gnu_cxx::new_allocator<_Tp>::construct(_Up*, _Args&& ...) [with _Up = RbotNewsStationNode; _Args = {}; _Tp = RbotNewsStationNode][m[Kâ€™:
[5.714s] [01m[K/usr/include/c++/11/bits/alloc_traits.h:516:17:[m[K   required from â€˜[01m[Kstatic void std::allocator_traits<std::allocator<_Tp1> >::construct(std::allocator_traits<std::allocator<_Tp1> >::allocator_type&, _Up*, _Args&& ...) [with _Up = RbotNewsStationNode; _Args = {}; _Tp = RbotNewsStationNode; std::allocator_traits<std::allocator<_Tp1> >::allocator_type = std::allocator<RbotNewsStationNode>][m[Kâ€™
[5.714s] [01m[K/usr/include/c++/11/bits/shared_ptr_base.h:519:39:[m[K   required from â€˜[01m[Kstd::_Sp_counted_ptr_inplace<_Tp, _Alloc, _Lp>::_Sp_counted_ptr_inplace(_Alloc, _Args&& ...) [with _Args = {}; _Tp = RbotNewsStationNode; _Alloc = std::allocator<RbotNewsStationNode>; __gnu_cxx::_Lock_policy _Lp = __gnu_cxx::_S_atomic][m[Kâ€™
[5.714s] [01m[K/usr/include/c++/11/bits/shared_ptr_base.h:650:16:[m[K   required from â€˜[01m[Kstd::__shared_count<_Lp>::__shared_count(_Tp*&, std::_Sp_alloc_shared_tag<_Alloc>, _Args&& ...) [with _Tp = RbotNewsStationNode; _Alloc = std::allocator<RbotNewsStationNode>; _Args = {}; __gnu_cxx::_Lock_policy _Lp = __gnu_cxx::_S_atomic][m[Kâ€™
[5.714s] [01m[K/usr/include/c++/11/bits/shared_ptr_base.h:1342:14:[m[K   required from â€˜[01m[Kstd::__shared_ptr<_Tp, _Lp>::__shared_ptr(std::_Sp_alloc_shared_tag<_Tp>, _Args&& ...) [with _Alloc = std::allocator<RbotNewsStationNode>; _Args = {}; _Tp = RbotNewsStationNode; __gnu_cxx::_Lock_policy _Lp = __gnu_cxx::_S_atomic][m[Kâ€™
[5.715s] [01m[K/usr/include/c++/11/bits/shared_ptr.h:409:59:[m[K   required from â€˜[01m[Kstd::shared_ptr<_Tp>::shared_ptr(std::_Sp_alloc_shared_tag<_Tp>, _Args&& ...) [with _Alloc = std::allocator<RbotNewsStationNode>; _Args = {}; _Tp = RbotNewsStationNode][m[Kâ€™
[5.715s] [01m[K/usr/include/c++/11/bits/shared_ptr.h:862:14:[m[K   required from â€˜[01m[Kstd::shared_ptr<_Tp> std::allocate_shared(const _Alloc&, _Args&& ...) [with _Tp = RbotNewsStationNode; _Alloc = std::allocator<RbotNewsStationNode>; _Args = {}][m[Kâ€™
[5.715s] [01m[K/usr/include/c++/11/bits/shared_ptr.h:878:39:[m[K   required from â€˜[01m[Kstd::shared_ptr<_Tp> std::make_shared(_Args&& ...) [with _Tp = RbotNewsStationNode; _Args = {}][m[Kâ€™
[5.715s] [01m[K/home/readikole/ros2_ws/src/my_cpp_pkg/src/robot_news_station.cpp:29:54:[m[K   required from here
[5.715s] [01m[K/usr/include/c++/11/ext/new_allocator.h:162:11:[m[K [01;31m[Kerror: [m[Kuse of deleted function â€˜[01m[KRbotNewsStationNode::RbotNewsStationNode()[m[Kâ€™
[5.715s]   162 |         { [01;31m[K::new((void *)__p) _Up(std::forward<_Args>(__args)...)[m[K; }
[5.715s]       |           [01;31m[K^~~~~~~~~~~~~~~~~~~~~~~~~~~~~~~~~~~~~~~~~~~~~~~~~~~~~~[m[K
[5.716s] [01m[K/home/readikole/ros2_ws/src/my_cpp_pkg/src/robot_news_station.cpp:3:7:[m[K [01;36m[Knote: [m[Kâ€˜[01m[KRbotNewsStationNode::RbotNewsStationNode()[m[Kâ€™ is implicitly deleted because the default definition would be ill-formed:
[5.716s]     3 | class [01;36m[KRbotNewsStationNode[m[K : public rclcpp::Node // MODIFY NAME
[5.716s]       |       [01;36m[K^~~~~~~~~~~~~~~~~~~[m[K
[5.716s] [01m[K/home/readikole/ros2_ws/src/my_cpp_pkg/src/robot_news_station.cpp:3:7:[m[K [01;31m[Kerror: [m[Kno matching function for call to â€˜[01m[Krclcpp::Node::Node()[m[Kâ€™
[5.716s] In file included from [01m[K/opt/ros/humble/include/rclcpp/rclcpp/executors/single_threaded_executor.hpp:28[m[K,
[5.716s]                  from [01m[K/opt/ros/humble/include/rclcpp/rclcpp/executors.hpp:22[m[K,
[5.717s]                  from [01m[K/opt/ros/humble/include/rclcpp/rclcpp/rclcpp.hpp:155[m[K,
[5.717s]                  from [01m[K/home/readikole/ros2_ws/src/my_cpp_pkg/src/robot_news_station.cpp:1[m[K:
[5.717s] [01m[K/opt/ros/humble/include/rclcpp/rclcpp/node.hpp:1294:3:[m[K [01;36m[Knote: [m[Kcandidate: â€˜[01m[Krclcpp::Node::Node(const rclcpp::Node&, const string&)[m[Kâ€™
[5.717s]  1294 |   [01;36m[KNode[m[K(
[5.717s]       |   [01;36m[K^~~~[m[K
[5.717s] [01m[K/opt/ros/humble/include/rclcpp/rclcpp/node.hpp:1294:3:[m[K [01;36m[Knote: [m[K  candidate expects 2 arguments, 0 provided
[5.718s] [01m[K/opt/ros/humble/include/rclcpp/rclcpp/node.hpp:101:12:[m[K [01;36m[Knote: [m[Kcandidate: â€˜[01m[Krclcpp::Node::Node(const string&, const string&, const rclcpp::NodeOptions&)[m[Kâ€™
[5.718s]   101 |   explicit [01;36m[KNode[m[K(
[5.718s]       |            [01;36m[K^~~~[m[K
[5.718s] [01m[K/opt/ros/humble/include/rclcpp/rclcpp/node.hpp:101:12:[m[K [01;36m[Knote: [m[K  candidate expects 3 arguments, 0 provided
[5.718s] [01m[K/opt/ros/humble/include/rclcpp/rclcpp/node.hpp:89:12:[m[K [01;36m[Knote: [m[Kcandidate: â€˜[01m[Krclcpp::Node::Node(const string&, const rclcpp::NodeOptions&)[m[Kâ€™
[5.718s]    89 |   explicit [01;36m[KNode[m[K(
[5.718s]       |            [01;36m[K^~~~[m[K
[5.719s] [01m[K/opt/ros/humble/include/rclcpp/rclcpp/node.hpp:89:12:[m[K [01;36m[Knote: [m[K  candidate expects 2 arguments, 0 provided
[6.027s] gmake[2]: *** [CMakeFiles/robot_news_station.dir/build.make:76: CMakeFiles/robot_news_station.dir/src/robot_news_station.cpp.o] Error 1
[6.027s] gmake[1]: *** [CMakeFiles/Makefile2:165: CMakeFiles/robot_news_station.dir/all] Error 2
[6.027s] gmake: *** [Makefile:146: all] Error 2
[6.034s] Invoked command in '/home/readikole/ros2_ws/build/my_cpp_pkg' returned '2': CMAKE_PREFIX_PATH=${CMAKE_PREFIX_PATH}:/home/readikole/ros2_ws/install/my_py_pkg:/opt/ros/humble /home/readikole/.local/bin/cmake --build /home/readikole/ros2_ws/build/my_cpp_pkg -- -j12 -l12
