[0.020s] Invoking command in '/home/readikole/ros2_ws/build/my_cpp_pkg': CMAKE_PREFIX_PATH=/opt/ros/humble /home/readikole/.local/bin/cmake --build /home/readikole/ros2_ws/build/my_cpp_pkg -- -j12 -l12
[0.088s] [ 50%] [32mBuilding CXX object CMakeFiles/cpp_node.dir/src/my_first_node.cpp.o[0m
[3.104s] [01m[K/home/readikole/ros2_ws/src/my_cpp_pkg/src/my_first_node.cpp:[m[K In function â€˜[01m[Kint main(int, char**)[m[Kâ€™:
[3.105s] [01m[K/home/readikole/ros2_ws/src/my_cpp_pkg/src/my_first_node.cpp:5:18:[m[K [01;31m[Kerror: [m[Kâ€˜[01m[Karg[m[Kâ€™ was not declared in this scope; did you mean â€˜[01m[Kargc[m[Kâ€™?
[3.105s]     5 |     rclcpp::init([01;31m[Karg[m[K, argv);
[3.105s]       |                  [01;31m[K^~~[m[K
[3.105s]       |                  [32m[Kargc[m[K
[3.105s] [01m[K/home/readikole/ros2_ws/src/my_cpp_pkg/src/my_first_node.cpp:6:20:[m[K [01;31m[Kerror: [m[Kexpected primary-expression before â€˜[01m[K:[m[Kâ€™ token
[3.105s]     6 |     auto node = std[01;31m[K:[m[K;make_shared<rclcpp::Node>("cpp_test");
[3.105s]       |                    [01;31m[K^[m[K
[3.106s] [01m[K/home/readikole/ros2_ws/src/my_cpp_pkg/src/my_first_node.cpp:6:22:[m[K [01;31m[Kerror: [m[Kâ€˜[01m[Kmake_shared[m[Kâ€™ was not declared in this scope; did you mean â€˜[01m[Kstd::make_shared[m[Kâ€™?
[3.106s]     6 |     auto node = std:;[01;31m[Kmake_shared[m[K<rclcpp::Node>("cpp_test");
[3.106s]       |                      [01;31m[K^~~~~~~~~~~[m[K
[3.106s]       |                      [32m[Kstd::make_shared[m[K
[3.106s] In file included from [01m[K/usr/include/c++/11/memory:77[m[K,
[3.106s]                  from [01m[K/opt/ros/humble/include/rclcpp/rclcpp/rclcpp.hpp:153[m[K,
[3.106s]                  from [01m[K/home/readikole/ros2_ws/src/my_cpp_pkg/src/my_first_node.cpp:1[m[K:
[3.106s] [01m[K/usr/include/c++/11/bits/shared_ptr.h:875:5:[m[K [01;36m[Knote: [m[Kâ€˜[01m[Kstd::make_shared[m[Kâ€™ declared here
[3.106s]   875 |     [01;36m[Kmake_shared[m[K(_Args&&... __args)
[3.107s]       |     [01;36m[K^~~~~~~~~~~[m[K
[3.107s] [01m[K/home/readikole/ros2_ws/src/my_cpp_pkg/src/my_first_node.cpp:6:46:[m[K [01;31m[Kerror: [m[Kexpected primary-expression before â€˜[01m[K>[m[Kâ€™ token
[3.107s]     6 |     auto node = std:;make_shared<rclcpp::Node[01;31m[K>[m[K("cpp_test");
[3.107s]       |                                              [01;31m[K^[m[K
[3.107s] In file included from [01m[K/opt/ros/humble/include/rclcpp/rclcpp/client.hpp:40[m[K,
[3.107s]                  from [01m[K/opt/ros/humble/include/rclcpp/rclcpp/callback_group.hpp:24[m[K,
[3.107s]                  from [01m[K/opt/ros/humble/include/rclcpp/rclcpp/any_executable.hpp:20[m[K,
[3.107s]                  from [01m[K/opt/ros/humble/include/rclcpp/rclcpp/memory_strategy.hpp:25[m[K,
[3.107s]                  from [01m[K/opt/ros/humble/include/rclcpp/rclcpp/memory_strategies.hpp:18[m[K,
[3.107s]                  from [01m[K/opt/ros/humble/include/rclcpp/rclcpp/executor_options.hpp:20[m[K,
[3.108s]                  from [01m[K/opt/ros/humble/include/rclcpp/rclcpp/executor.hpp:37[m[K,
[3.108s]                  from [01m[K/opt/ros/humble/include/rclcpp/rclcpp/executors/multi_threaded_executor.hpp:25[m[K,
[3.108s]                  from [01m[K/opt/ros/humble/include/rclcpp/rclcpp/executors.hpp:21[m[K,
[3.108s]                  from [01m[K/opt/ros/humble/include/rclcpp/rclcpp/rclcpp.hpp:155[m[K,
[3.108s]                  from [01m[K/home/readikole/ros2_ws/src/my_cpp_pkg/src/my_first_node.cpp:1[m[K:
[3.108s] [01m[K/home/readikole/ros2_ws/src/my_cpp_pkg/src/my_first_node.cpp:7:5:[m[K [01;31m[Kerror: [m[Ktemplate argument 1 is invalid
[3.108s]     7 |     [01;31m[KRCLCPP_INFO[m[K(node->get_logger(), "Hello Cpp Node");
[3.108s]       |     [01;31m[K^~~~~~~~~~~[m[K
[3.109s] [01m[K/home/readikole/ros2_ws/src/my_cpp_pkg/src/my_first_node.cpp:7:5:[m[K [01;31m[Kerror: [m[Kâ€˜[01m[K<declaration error>[m[Kâ€™ is not a template [[01;31m[K]8;;https://gcc.gnu.org/onlinedocs/gcc/Warning-Options.html#index-fpermissive-fpermissive]8;;[m[K]
[3.109s]     7 |     [01;31m[KRCLCPP_INFO[m[K(node->get_logger(), "Hello Cpp Node");
[3.109s]       |     [01;31m[K^~~~~~~~~~~[m[K
[3.109s] [01m[K/home/readikole/ros2_ws/src/my_cpp_pkg/src/my_first_node.cpp:7:5:[m[K [01;31m[Kerror: [m[Ktemplate argument 1 is invalid
[3.109s]     7 |     [01;31m[KRCLCPP_INFO[m[K(node->get_logger(), "Hello Cpp Node");
[3.109s]       |     [01;31m[K^~~~~~~~~~~[m[K
[3.109s] [01m[K/home/readikole/ros2_ws/src/my_cpp_pkg/src/my_first_node.cpp:7:5:[m[K [01;31m[Kerror: [m[Kâ€˜[01m[K<declaration error>[m[Kâ€™ is not a template [[01;31m[K]8;;https://gcc.gnu.org/onlinedocs/gcc/Warning-Options.html#index-fpermissive-fpermissive]8;;[m[K]
[3.109s]     7 |     [01;31m[KRCLCPP_INFO[m[K(node->get_logger(), "Hello Cpp Node");
[3.110s]       |     [01;31m[K^~~~~~~~~~~[m[K
[3.110s] [01m[K/home/readikole/ros2_ws/src/my_cpp_pkg/src/my_first_node.cpp:7:5:[m[K [01;31m[Kerror: [m[Ktemplate argument 1 is invalid
[3.110s]     7 |     [01;31m[KRCLCPP_INFO[m[K(node->get_logger(), "Hello Cpp Node");
[3.110s]       |     [01;31m[K^~~~~~~~~~~[m[K
[3.110s] [01m[K/home/readikole/ros2_ws/src/my_cpp_pkg/src/my_first_node.cpp:3:14:[m[K [01;35m[Kwarning: [m[Kunused parameter â€˜[01m[Kargc[m[Kâ€™ [[01;35m[K]8;;https://gcc.gnu.org/onlinedocs/gcc/Warning-Options.html#index-Wunused-parameter-Wunused-parameter]8;;[m[K]
[3.110s]     3 | int main([01;35m[Kint argc[m[K, char **argv)
[3.110s]       |          [01;35m[K~~~~^~~~[m[K
[3.655s] gmake[2]: *** [CMakeFiles/cpp_node.dir/build.make:76: CMakeFiles/cpp_node.dir/src/my_first_node.cpp.o] Error 1
[3.655s] gmake[1]: *** [CMakeFiles/Makefile2:137: CMakeFiles/cpp_node.dir/all] Error 2
[3.655s] gmake: *** [Makefile:146: all] Error 2
[3.661s] Invoked command in '/home/readikole/ros2_ws/build/my_cpp_pkg' returned '2': CMAKE_PREFIX_PATH=/opt/ros/humble /home/readikole/.local/bin/cmake --build /home/readikole/ros2_ws/build/my_cpp_pkg -- -j12 -l12
